This file contains any messages produced by compilers while
running configure, to aid debugging if configure makes a mistake.

It was created by FULL-PACKAGE-NAME configure.sh VERSION, which was
generated by GNU Autoconf 2.63.  Invocation command line was

  $ ./configure.sh 

## --------- ##
## Platform. ##
## --------- ##

hostname = mothy
uname -m = x86_64
uname -r = 2.6.29mothymadness02
uname -s = Linux
uname -v = #4 SMP Thu Mar 26 19:49:04 PDT 2009

/usr/bin/uname -p = unknown
/bin/uname -X     = unknown

/bin/arch              = x86_64
/usr/bin/arch -k       = unknown
/usr/convex/getsysinfo = unknown
/usr/bin/hostinfo      = unknown
/bin/machine           = unknown
/usr/bin/oslevel       = unknown
/bin/universe          = unknown

PATH: /usr/kerberos/bin
PATH: /usr/local/bin
PATH: /bin
PATH: /usr/bin
PATH: /home/ben/bin


## ----------- ##
## Core tests. ##
## ----------- ##

configure.sh:1855: checking for g++
configure.sh:1871: found /usr/bin/g++
configure.sh:1882: result: g++
configure.sh:1909: checking for C++ compiler version
configure.sh:1917: g++ --version >&5
g++ (GCC) 4.1.2 20080704 (Red Hat 4.1.2-44)
Copyright (C) 2006 Free Software Foundation, Inc.
This is free software; see the source for copying conditions.  There is NO
warranty; not even for MERCHANTABILITY or FITNESS FOR A PARTICULAR PURPOSE.

configure.sh:1921: $? = 0
configure.sh:1928: g++ -v >&5
Using built-in specs.
Target: x86_64-redhat-linux
Configured with: ../configure --prefix=/usr --mandir=/usr/share/man --infodir=/usr/share/info --enable-shared --enable-threads=posix --enable-checking=release --with-system-zlib --enable-__cxa_atexit --disable-libunwind-exceptions --enable-libgcj-multifile --enable-languages=c,c++,objc,obj-c++,java,fortran,ada --enable-java-awt=gtk --disable-dssi --enable-plugin --with-java-home=/usr/lib/jvm/java-1.4.2-gcj-1.4.2.0/jre --with-cpu=generic --host=x86_64-redhat-linux
Thread model: posix
gcc version 4.1.2 20080704 (Red Hat 4.1.2-44)
configure.sh:1932: $? = 0
configure.sh:1939: g++ -V >&5
g++: '-V' option must have argument
configure.sh:1943: $? = 1
configure.sh:1966: checking for C++ compiler default output file name
configure.sh:1988: g++    conftest.cpp  >&5
configure.sh:1992: $? = 0
configure.sh:2030: result: a.out
configure.sh:2049: checking whether the C++ compiler works
configure.sh:2059: ./a.out
configure.sh:2063: $? = 0
configure.sh:2082: result: yes
configure.sh:2089: checking whether we are cross compiling
configure.sh:2091: result: no
configure.sh:2094: checking for suffix of executables
configure.sh:2101: g++ -o conftest    conftest.cpp  >&5
configure.sh:2105: $? = 0
configure.sh:2131: result: 
configure.sh:2137: checking for suffix of object files
configure.sh:2163: g++ -c   conftest.cpp >&5
configure.sh:2167: $? = 0
configure.sh:2192: result: o
configure.sh:2196: checking whether we are using the GNU C++ compiler
configure.sh:2225: g++ -c   conftest.cpp >&5
configure.sh:2232: $? = 0
configure.sh:2249: result: yes
configure.sh:2258: checking whether g++ accepts -g
configure.sh:2288: g++ -c -g  conftest.cpp >&5
configure.sh:2295: $? = 0
configure.sh:2396: result: yes
configure.sh:2423: checking for gawk
configure.sh:2439: found /bin/gawk
configure.sh:2450: result: gawk
configure.sh:2509: checking for gcc
configure.sh:2525: found /usr/bin/gcc
configure.sh:2536: result: gcc
configure.sh:2768: checking for C compiler version
configure.sh:2776: gcc --version >&5
gcc (GCC) 4.1.2 20080704 (Red Hat 4.1.2-44)
Copyright (C) 2006 Free Software Foundation, Inc.
This is free software; see the source for copying conditions.  There is NO
warranty; not even for MERCHANTABILITY or FITNESS FOR A PARTICULAR PURPOSE.

configure.sh:2780: $? = 0
configure.sh:2787: gcc -v >&5
Using built-in specs.
Target: x86_64-redhat-linux
Configured with: ../configure --prefix=/usr --mandir=/usr/share/man --infodir=/usr/share/info --enable-shared --enable-threads=posix --enable-checking=release --with-system-zlib --enable-__cxa_atexit --disable-libunwind-exceptions --enable-libgcj-multifile --enable-languages=c,c++,objc,obj-c++,java,fortran,ada --enable-java-awt=gtk --disable-dssi --enable-plugin --with-java-home=/usr/lib/jvm/java-1.4.2-gcj-1.4.2.0/jre --with-cpu=generic --host=x86_64-redhat-linux
Thread model: posix
gcc version 4.1.2 20080704 (Red Hat 4.1.2-44)
configure.sh:2791: $? = 0
configure.sh:2798: gcc -V >&5
gcc: '-V' option must have argument
configure.sh:2802: $? = 1
configure.sh:2805: checking whether we are using the GNU C compiler
configure.sh:2834: gcc -c   conftest.c >&5
configure.sh:2841: $? = 0
configure.sh:2858: result: yes
configure.sh:2867: checking whether gcc accepts -g
configure.sh:2897: gcc -c -g  conftest.c >&5
configure.sh:2904: $? = 0
configure.sh:3005: result: yes
configure.sh:3022: checking for gcc option to accept ISO C89
configure.sh:3096: gcc  -c -g -O2  conftest.c >&5
configure.sh:3103: $? = 0
configure.sh:3126: result: none needed
configure.sh:3149: checking how to run the C preprocessor
configure.sh:3189: gcc -E  conftest.c
configure.sh:3196: $? = 0
configure.sh:3227: gcc -E  conftest.c
conftest.c:8:28: error: ac_nonexistent.h: No such file or directory
configure.sh:3234: $? = 1
configure.sh: failed program was:
| /* confdefs.h.  */
| #define PACKAGE_NAME "FULL-PACKAGE-NAME"
| #define PACKAGE_TARNAME "full-package-name"
| #define PACKAGE_VERSION "VERSION"
| #define PACKAGE_STRING "FULL-PACKAGE-NAME VERSION"
| #define PACKAGE_BUGREPORT "BUG-REPORT-ADDRESS"
| /* end confdefs.h.  */
| #include <ac_nonexistent.h>
configure.sh:3267: result: gcc -E
configure.sh:3296: gcc -E  conftest.c
configure.sh:3303: $? = 0
configure.sh:3334: gcc -E  conftest.c
conftest.c:8:28: error: ac_nonexistent.h: No such file or directory
configure.sh:3341: $? = 1
configure.sh: failed program was:
| /* confdefs.h.  */
| #define PACKAGE_NAME "FULL-PACKAGE-NAME"
| #define PACKAGE_TARNAME "full-package-name"
| #define PACKAGE_VERSION "VERSION"
| #define PACKAGE_STRING "FULL-PACKAGE-NAME VERSION"
| #define PACKAGE_BUGREPORT "BUG-REPORT-ADDRESS"
| /* end confdefs.h.  */
| #include <ac_nonexistent.h>
configure.sh:3397: error: cannot find install-sh or install.sh in "." "./.." "./../.."

## ---------------- ##
## Cache variables. ##
## ---------------- ##

ac_cv_c_compiler_gnu=yes
ac_cv_cxx_compiler_gnu=yes
ac_cv_env_CCC_set=
ac_cv_env_CCC_value=
ac_cv_env_CC_set=
ac_cv_env_CC_value=
ac_cv_env_CFLAGS_set=
ac_cv_env_CFLAGS_value=
ac_cv_env_CPPFLAGS_set=
ac_cv_env_CPPFLAGS_value=
ac_cv_env_CPP_set=
ac_cv_env_CPP_value=
ac_cv_env_CXXFLAGS_set=
ac_cv_env_CXXFLAGS_value=
ac_cv_env_CXX_set=
ac_cv_env_CXX_value=
ac_cv_env_LDFLAGS_set=
ac_cv_env_LDFLAGS_value=
ac_cv_env_LIBS_set=
ac_cv_env_LIBS_value=
ac_cv_env_build_alias_set=
ac_cv_env_build_alias_value=
ac_cv_env_host_alias_set=
ac_cv_env_host_alias_value=
ac_cv_env_target_alias_set=
ac_cv_env_target_alias_value=
ac_cv_objext=o
ac_cv_prog_AWK=gawk
ac_cv_prog_CPP='gcc -E'
ac_cv_prog_ac_ct_CC=gcc
ac_cv_prog_ac_ct_CXX=g++
ac_cv_prog_cc_c89=
ac_cv_prog_cc_g=yes
ac_cv_prog_cxx_g=yes

## ----------------- ##
## Output variables. ##
## ----------------- ##

AWK='gawk'
CC='gcc'
CFLAGS='-g -O2'
CPP='gcc -E'
CPPFLAGS=''
CXX='g++'
CXXFLAGS='-g -O2'
DEFS=''
ECHO_C=''
ECHO_N='-n'
ECHO_T=''
EGREP=''
EXEEXT=''
GREP=''
INSTALL_DATA=''
INSTALL_PROGRAM=''
INSTALL_SCRIPT=''
LDFLAGS=''
LIBOBJS=''
LIBS=''
LN_S=''
LTLIBOBJS=''
OBJEXT='o'
PACKAGE_BUGREPORT='BUG-REPORT-ADDRESS'
PACKAGE_NAME='FULL-PACKAGE-NAME'
PACKAGE_STRING='FULL-PACKAGE-NAME VERSION'
PACKAGE_TARNAME='full-package-name'
PACKAGE_VERSION='VERSION'
PATH_SEPARATOR=':'
SET_MAKE=''
SHELL='/bin/sh'
ac_ct_CC='gcc'
ac_ct_CXX='g++'
bindir='${exec_prefix}/bin'
build_alias=''
datadir='${datarootdir}'
datarootdir='${prefix}/share'
docdir='${datarootdir}/doc/${PACKAGE_TARNAME}'
dvidir='${docdir}'
exec_prefix='NONE'
host_alias=''
htmldir='${docdir}'
includedir='${prefix}/include'
infodir='${datarootdir}/info'
libdir='${exec_prefix}/lib'
libexecdir='${exec_prefix}/libexec'
localedir='${datarootdir}/locale'
localstatedir='${prefix}/var'
mandir='${datarootdir}/man'
oldincludedir='/usr/include'
pdfdir='${docdir}'
prefix='NONE'
program_transform_name='s,x,x,'
psdir='${docdir}'
sbindir='${exec_prefix}/sbin'
sharedstatedir='${prefix}/com'
sysconfdir='${prefix}/etc'
target_alias=''

## ----------- ##
## confdefs.h. ##
## ----------- ##

#define PACKAGE_NAME "FULL-PACKAGE-NAME"
#define PACKAGE_TARNAME "full-package-name"
#define PACKAGE_VERSION "VERSION"
#define PACKAGE_STRING "FULL-PACKAGE-NAME VERSION"
#define PACKAGE_BUGREPORT "BUG-REPORT-ADDRESS"

configure.sh: exit 1
